mode: set
github.com/azwwz/bookingHotelTBMWAWG/internal/forms/errors.go:5.44,7.2 1 1
github.com/azwwz/bookingHotelTBMWAWG/internal/forms/errors.go:9.42,11.18 2 1
github.com/azwwz/bookingHotelTBMWAWG/internal/forms/errors.go:11.18,13.3 1 1
github.com/azwwz/bookingHotelTBMWAWG/internal/forms/errors.go:14.2,14.14 1 1
github.com/azwwz/bookingHotelTBMWAWG/internal/forms/forms.go:16.39,21.2 1 1
github.com/azwwz/bookingHotelTBMWAWG/internal/forms/forms.go:23.39,25.13 2 1
github.com/azwwz/bookingHotelTBMWAWG/internal/forms/forms.go:25.13,28.3 2 1
github.com/azwwz/bookingHotelTBMWAWG/internal/forms/forms.go:29.2,29.13 1 1
github.com/azwwz/bookingHotelTBMWAWG/internal/forms/forms.go:32.29,34.2 1 1
github.com/azwwz/bookingHotelTBMWAWG/internal/forms/forms.go:36.42,37.31 1 1
github.com/azwwz/bookingHotelTBMWAWG/internal/forms/forms.go:37.31,39.37 2 1
github.com/azwwz/bookingHotelTBMWAWG/internal/forms/forms.go:39.37,41.4 1 1
github.com/azwwz/bookingHotelTBMWAWG/internal/forms/forms.go:45.49,47.24 2 1
github.com/azwwz/bookingHotelTBMWAWG/internal/forms/forms.go:47.24,49.3 1 1
github.com/azwwz/bookingHotelTBMWAWG/internal/forms/forms.go:52.38,53.40 1 1
github.com/azwwz/bookingHotelTBMWAWG/internal/forms/forms.go:53.40,55.3 1 1
